<?xml version="1.0" encoding="UTF-8"?>
<testng-results total="3" passed="3" failed="0" skipped="0">
  <reporter-output>
  </reporter-output>
  <suite started-at="2023-06-26T11:54:21Z" name="Suite" finished-at="2023-06-26T11:54:30Z" duration-ms="8360">
    <groups>
    </groups>
    <test started-at="2023-06-26T11:54:21Z" name="Test" finished-at="2023-06-26T11:54:30Z" duration-ms="8360">
      <class name="myTest.program1">
        <test-method is-config="true" signature="startChrome()[pri:0, instance:myTest.program1@7a55af6b]" started-at="2023-06-26T12:54:21Z" name="startChrome" finished-at="2023-06-26T12:54:27Z" duration-ms="5102" status="PASS">
          <reporter-output>
          </reporter-output>
        </test-method> <!-- startChrome -->
        <test-method signature="Services()[pri:0, instance:myTest.program1@7a55af6b]" started-at="2023-06-26T12:54:27Z" name="Services" finished-at="2023-06-26T12:54:27Z" duration-ms="391" status="PASS">
          <reporter-output>
          </reporter-output>
        </test-method> <!-- Services -->
        <test-method signature="Pensions()[pri:0, instance:myTest.program1@7a55af6b]" started-at="2023-06-26T12:54:27Z" name="Pensions" finished-at="2023-06-26T12:54:29Z" duration-ms="1816" status="PASS">
          <reporter-output>
          </reporter-output>
        </test-method> <!-- Pensions -->
        <test-method signature="Button()[pri:0, instance:myTest.program1@7a55af6b]" started-at="2023-06-26T12:54:29Z" name="Button" finished-at="2023-06-26T12:54:30Z" duration-ms="766" status="PASS">
          <reporter-output>
          </reporter-output>
        </test-method> <!-- Button -->
        <test-method is-config="true" signature="cleanUp()[pri:0, instance:myTest.program1@7a55af6b]" started-at="2023-06-26T12:54:30Z" name="cleanUp" finished-at="2023-06-26T12:54:30Z" duration-ms="269" status="PASS">
          <reporter-output>
          </reporter-output>
        </test-method> <!-- cleanUp -->
      </class> <!-- myTest.program1 -->
    </test> <!-- Test -->
  </suite> <!-- Suite -->
</testng-results>
